Arguments: 
  /usr/local/bin/node /usr/local/bin/yarn init -t

PATH: 
  /Users/bingyang/development/flutter/bin:/Library/Frameworks/Python.framework/Versions/3.8/bin:/usr/local/bin:/usr/bin:/bin:/usr/sbin:/sbin:/Applications/VMware Fusion.app/Contents/Public:/Applications/Wireshark.app/Contents/MacOS:/Users/bingyang/development/flutter/bin:/Library/Frameworks/Python.framework/Versions/3.8/bin:/usr/local/Cellar/mysql@5.7/5.7.25/bin:/Users/bingyang/Library/Android/sdk/tools:/Users/bingyang/Library/Android/sdk/tools/bin:/Users/bingyang/Library/Android/sdk/platform-tools:/Users/bingyang/Library/Android/sdk/emulator:/Users/bingyang/development/apache-maven-3.6.2/bin:/usr/local/Cellar/mysql@5.7/5.7.25/bin:/Users/bingyang/Library/Android/sdk/tools:/Users/bingyang/Library/Android/sdk/tools/bin:/Users/bingyang/Library/Android/sdk/platform-tools:/Users/bingyang/Library/Android/sdk/emulator:/Users/bingyang/development/apache-maven-3.6.2/bin

Yarn version: 
  1.17.3

Node version: 
  10.15.0

Platform: 
  darwin x64

Trace: 
  Error: canceled
      at Interface.<anonymous> (/usr/local/lib/node_modules/yarn/lib/cli.js:136724:13)
      at Interface.emit (events.js:182:13)
      at Interface._ttyWrite (readline.js:783:16)
      at ReadStream.onkeypress (readline.js:168:10)
      at ReadStream.emit (events.js:182:13)
      at emitKeys (internal/readline.js:424:14)
      at emitKeys.next (<anonymous>)
      at ReadStream.onData (readline.js:1022:36)
      at ReadStream.emit (events.js:182:13)
      at addChunk (_stream_readable.js:283:12)

npm manifest: 
  No manifest

yarn manifest: 
  No manifest

Lockfile: 
  No lockfile
